<?xml version="1.0" encoding="UTF-8"?>
<!-- Generated by org.testng.reporters.JUnitReportReporter -->
<testsuite hostname="saroj-HP" name="com.tests.AddToCartPageTest" tests="4" failures="0" timestamp="3 Mar 2020 18:30:51 GMT" time="16.915" errors="0">
  <testcase name="verifyaddProductToCartTest" time="9.912" classname="com.tests.AddToCartPageTest"/>
  <testcase name="verifyWomenStorePageTitle" time="4.104" classname="com.tests.AddToCartPageTest"/>
  <testcase name="verifyLoginTest" time="0.109" classname="com.tests.AddToCartPageTest"/>
  <testcase name="navigateToCheckoutPageTest" time="2.790" classname="com.tests.AddToCartPageTest"/>
</testsuite> <!-- com.tests.AddToCartPageTest -->
