<?xml version="1.0" encoding="UTF-8"?>
<!-- Generated by org.testng.reporters.JUnitReportReporter -->
<testsuite hostname="saroj-HP" name="com.tests.CheckoutProcessPageTest" tests="10" failures="0" timestamp="5 Apr 2020 05:47:02 GMT" time="33.097" errors="0">
  <testcase name="verifyAmountOrderHistoryTest" time="4.319" classname="com.tests.CheckoutProcessPageTest"/>
  <testcase name="verifyOrderPageTitleTest" time="0.030" classname="com.tests.CheckoutProcessPageTest"/>
  <testcase name="verifyOrderConfirmationPageTitleTest" time="0.035" classname="com.tests.CheckoutProcessPageTest"/>
  <testcase name="checkTermsOfService" time="6.067" classname="com.tests.CheckoutProcessPageTest"/>
  <testcase name="verifyorderConfirmationMsgTest" time="0.085" classname="com.tests.CheckoutProcessPageTest"/>
  <testcase name="navigateToCheckoutPageTest" time="2.667" classname="com.tests.CheckoutProcessPageTest"/>
  <testcase name="verifyaddProductToCartTest" time="13.351" classname="com.tests.CheckoutProcessPageTest"/>
  <testcase name="paymentProcessTest" time="5.898" classname="com.tests.CheckoutProcessPageTest"/>
  <testcase name="verifySummaryTab" time="0.415" classname="com.tests.CheckoutProcessPageTest"/>
  <testcase name="verifyPaymentTab" time="0.230" classname="com.tests.CheckoutProcessPageTest"/>
</testsuite> <!-- com.tests.CheckoutProcessPageTest -->
