<?xml version="1.0" encoding="UTF-8"?>
<!-- Generated by org.testng.reporters.JUnitReportReporter -->
<testsuite hostname="saroj-HP" name="com.tests.CheckoutProcessPageTest" tests="10" failures="0" timestamp="3 Mar 2020 18:30:51 GMT" time="40.353" errors="0">
  <testcase name="verifyOrderPageTitleTest" time="0.025" classname="com.tests.CheckoutProcessPageTest"/>
  <testcase name="verifySummaryTab" time="0.318" classname="com.tests.CheckoutProcessPageTest"/>
  <testcase name="verifyPaymentTab" time="0.372" classname="com.tests.CheckoutProcessPageTest"/>
  <testcase name="verifyOrderConfirmationPageTitleTest" time="0.029" classname="com.tests.CheckoutProcessPageTest"/>
  <testcase name="verifyaddProductToCartTest" time="16.539" classname="com.tests.CheckoutProcessPageTest"/>
  <testcase name="checkTermsOfService" time="7.036" classname="com.tests.CheckoutProcessPageTest"/>
  <testcase name="verifyorderConfirmationMsgTest" time="0.090" classname="com.tests.CheckoutProcessPageTest"/>
  <testcase name="paymentProcessTest" time="6.319" classname="com.tests.CheckoutProcessPageTest"/>
  <testcase name="navigateToCheckoutPageTest" time="5.124" classname="com.tests.CheckoutProcessPageTest"/>
  <testcase name="verifyAmountOrderHistoryTest" time="4.501" classname="com.tests.CheckoutProcessPageTest"/>
</testsuite> <!-- com.tests.CheckoutProcessPageTest -->
