<?xml version="1.0" encoding="UTF-8"?>
<!-- Generated by org.testng.reporters.JUnitReportReporter -->
<testsuite hostname="saroj-HP" name="com.tests.AddToCartPageTest" tests="4" failures="0" timestamp="5 Apr 2020 05:47:02 GMT" time="17.785" errors="0">
  <testcase name="navigateToCheckoutPageTest" time="2.011" classname="com.tests.AddToCartPageTest"/>
  <testcase name="verifyLoginTest" time="0.139" classname="com.tests.AddToCartPageTest"/>
  <testcase name="verifyaddProductToCartTest" time="9.750" classname="com.tests.AddToCartPageTest"/>
  <testcase name="verifyWomenStorePageTitle" time="5.885" classname="com.tests.AddToCartPageTest"/>
</testsuite> <!-- com.tests.AddToCartPageTest -->
