<?xml version="1.0" encoding="UTF-8"?>
<!-- Generated by org.testng.reporters.JUnitReportReporter -->
<testsuite hostname="saroj-HP" name="com.tests.AddToCartPageTest" tests="4" failures="0" timestamp="3 Mar 2020 03:25:13 GMT" time="14.020" errors="0">
  <testcase name="verifyLoginTest" time="0.099" classname="com.tests.AddToCartPageTest"/>
  <testcase name="verifyaddProductToCartTest" time="9.355" classname="com.tests.AddToCartPageTest"/>
  <testcase name="navigateToCheckoutPageTest" time="1.972" classname="com.tests.AddToCartPageTest"/>
  <testcase name="verifyWomenStorePageTitle" time="2.594" classname="com.tests.AddToCartPageTest"/>
</testsuite> <!-- com.tests.AddToCartPageTest -->
