<?xml version="1.0" encoding="UTF-8"?>
<!-- Generated by org.testng.reporters.JUnitReportReporter -->
<testsuite hostname="saroj-HP" name="com.tests.CreateAccountPageTest" tests="3" failures="0" timestamp="3 Mar 2020 03:25:13 GMT" time="9.598" errors="0">
  <testcase name="verifyLoginPageTitleTest" time="2.370" classname="com.tests.CreateAccountPageTest"/>
  <testcase name="verifyAccountTest" time="0.149" classname="com.tests.CreateAccountPageTest"/>
  <testcase name="createAccountTest" time="7.079" classname="com.tests.CreateAccountPageTest"/>
</testsuite> <!-- com.tests.CreateAccountPageTest -->
