<?xml version="1.0" encoding="UTF-8"?>
<!-- Generated by org.testng.reporters.JUnitReportReporter -->
<testsuite hostname="saroj-HP" name="com.tests.CheckoutProcessPageTest" tests="10" failures="0" timestamp="3 Mar 2020 03:25:13 GMT" time="26.194" errors="0">
  <testcase name="verifyorderConfirmationMsgTest" time="0.119" classname="com.tests.CheckoutProcessPageTest"/>
  <testcase name="verifyAmountOrderHistoryTest" time="2.988" classname="com.tests.CheckoutProcessPageTest"/>
  <testcase name="verifyPaymentTab" time="0.240" classname="com.tests.CheckoutProcessPageTest"/>
  <testcase name="verifyaddProductToCartTest" time="12.426" classname="com.tests.CheckoutProcessPageTest"/>
  <testcase name="navigateToCheckoutPageTest" time="2.073" classname="com.tests.CheckoutProcessPageTest"/>
  <testcase name="verifySummaryTab" time="0.341" classname="com.tests.CheckoutProcessPageTest"/>
  <testcase name="paymentProcessTest" time="3.304" classname="com.tests.CheckoutProcessPageTest"/>
  <testcase name="verifyOrderConfirmationPageTitleTest" time="0.047" classname="com.tests.CheckoutProcessPageTest"/>
  <testcase name="verifyOrderPageTitleTest" time="0.029" classname="com.tests.CheckoutProcessPageTest"/>
  <testcase name="checkTermsOfService" time="4.627" classname="com.tests.CheckoutProcessPageTest"/>
</testsuite> <!-- com.tests.CheckoutProcessPageTest -->
