<?xml version="1.0" encoding="UTF-8"?>
<!-- Generated by org.testng.reporters.JUnitReportReporter -->
<testsuite hostname="saroj-HP" name="com.tests.LoginPageTest" tests="4" failures="0" timestamp="3 Mar 2020 03:25:13 GMT" time="4.628" errors="0">
  <testcase name="verifyAccountPageTitleTest" time="0.010" classname="com.tests.LoginPageTest"/>
  <testcase name="verifyLoginTest" time="0.147" classname="com.tests.LoginPageTest"/>
  <testcase name="loginTest" time="2.913" classname="com.tests.LoginPageTest"/>
  <testcase name="verifyLoginPageTitleTest" time="1.558" classname="com.tests.LoginPageTest"/>
</testsuite> <!-- com.tests.LoginPageTest -->
