<?xml version="1.0" encoding="UTF-8"?>
<!-- Generated by org.testng.reporters.JUnitReportReporter -->
<testsuite hostname="saroj-HP" name="com.tests.CreateAccountPageTest" tests="3" failures="0" timestamp="3 Mar 2020 18:30:51 GMT" time="10.974" errors="0">
  <testcase name="verifyLoginPageTitleTest" time="2.033" classname="com.tests.CreateAccountPageTest"/>
  <testcase name="createAccountTest" time="8.817" classname="com.tests.CreateAccountPageTest"/>
  <testcase name="verifyAccountTest" time="0.124" classname="com.tests.CreateAccountPageTest"/>
</testsuite> <!-- com.tests.CreateAccountPageTest -->
